{
  "RSpec": {
    "coverage": {
      "/home/yc/tic-tac-toe-rb-online-web-sp-000/lib/tic_tac_toe.rb": [
        null,
        1,
        null,
        null,
        null,
        null,
        null,
        null,
        null,
        null,
        null,
        1,
        24,
        24,
        24,
        24,
        24,
        null,
        null,
        1,
        0,
        null,
        null,
        1,
        23,
        null,
        null,
        1,
        22,
        null,
        null,
        1,
        162,
        null,
        null,
        1,
        23,
        null,
        null,
        1,
        20,
        20,
        20,
        20,
        19,
        19,
        19,
        null,
        1,
        null,
        null,
        null,
        1,
        21,
        21,
        189,
        31,
        null,
        null,
        21,
        null,
        null,
        1,
        20,
        null,
        null,
        1,
        70,
        450,
        450,
        450,
        null,
        450,
        450,
        450,
        null,
        450,
        28,
        null,
        null,
        42,
        null,
        null,
        1,
        33,
        25,
        8,
        null,
        null,
        null,
        1,
        28,
        7,
        null,
        null,
        null,
        1,
        21,
        10,
        null,
        null,
        null,
        1,
        7,
        6,
        6,
        null,
        null,
        null,
        null,
        1,
        12,
        12,
        29,
        12,
        null,
        17,
        17,
        null,
        12,
        5,
        null,
        12,
        3,
        null,
        null
      ]
    },
    "timestamp": 1600896343
  }
}
