{
  "RSpec": {
    "coverage": {
      "/home/yc/tic-tac-toe-rb-online-web-sp-000/lib/tic_tac_toe.rb": [
        1,
        30,
        30,
        30,
        30,
        30,
        null,
        null,
        1,
        0,
        null,
        null,
        null,
        1,
        null,
        null,
        null,
        null,
        null,
        null,
        null,
        null,
        null,
        1,
        16,
        113,
        113,
        113,
        null,
        113,
        113,
        113,
        null,
        113,
        8,
        null,
        null,
        8,
        null,
        null,
        1,
        7,
        3,
        4,
        null,
        null,
        null,
        1,
        7,
        3,
        null,
        null,
        null,
        1,
        3,
        2,
        null,
        null,
        null,
        1,
        3,
        2,
        2,
        null,
        null,
        null,
        null,
        1,
        44437,
        null,
        null,
        1,
        28,
        null,
        null,
        1,
        44449,
        null,
        null,
        1,
        44437,
        null,
        null,
        1,
        44444,
        44438,
        44434,
        44434,
        25,
        25,
        25,
        null,
        44409,
        null,
        null,
        null,
        null,
        1,
        27,
        27,
        243,
        45,
        null,
        null,
        27,
        null,
        null,
        1,
        26,
        null,
        null,
        1,
        12,
        12,
        35,
        23,
        null,
        null
      ]
    },
    "timestamp": 1600894747
  }
}
